<?xml version="1.0" encoding="UTF-8"?>
<!-- Generated by org.testng.reporters.JUnitReportReporter -->
<testsuite skipped="0" hostname="360NDCLP063" name="com.crm.qa.TestScripts.HomeTest" tests="1" failures="0" timestamp="2020-07-16T11:02:03 IST" time="3.334" errors="0">
  <testcase name="validateMenuList" time="3.334" classname="com.crm.qa.TestScripts.HomeTest"/>
  <system-out/>
</testsuite> <!-- com.crm.qa.TestScripts.HomeTest -->
