<?xml version="1.0" encoding="UTF-8"?>
<!-- Generated by org.testng.reporters.JUnitReportReporter -->
<testsuite skipped="0" hostname="360NDCLP063" name="com.crm.qa.TestScripts.LoginTest" tests="1" failures="0" timestamp="2020-07-08T16:04:31 IST" time="5.597" errors="0">
  <testcase name="TestClassicCRM" time="5.597" classname="com.crm.qa.TestScripts.LoginTest"/>
  <system-out/>
</testsuite> <!-- com.crm.qa.TestScripts.LoginTest -->
