<?xml version="1.0" encoding="UTF-8"?>
<!-- Generated by org.testng.reporters.JUnitReportReporter -->
<testsuite skipped="0" hostname="360NDCLP063" name="com.crm.qa.TestScripts.ContactsTest" tests="1" failures="0" timestamp="2020-07-18T00:13:02 IST" time="18.515" errors="0">
  <testcase name="ValidateCreateContactPage" time="18.515" classname="com.crm.qa.TestScripts.ContactsTest"/>
  <system-out/>
</testsuite> <!-- com.crm.qa.TestScripts.ContactsTest -->
